gplink-1.5.0 #1285 (Sep 12 2016)
Copyright (c) 1998-2016 gputils project
Listing File Generated: 3-22-2025  16:17:27


Address  Value    Disassembly              Source
-------  -----    -----------              ------
                                           ;--------------------------------------------------------
                                           ; File Created by SDCC : free open source ISO C Compiler
                                           ; Version 4.5.2 #15341 (MINGW64)
                                           ;--------------------------------------------------------
                                           ; PIC port for the 14-bit core
                                           ;--------------------------------------------------------
                                           ;	.file	"dado.c"
                                           	list	p=12f683
                                           	radix dec
                                           	include "p12f683.inc"
                                                   LIST

                                           ;==========================================================================
                                           ; Build date : Oct 21 2015
                                           ;  MPASM PIC12F683 processor include
                                           ; 
                                           ;  (c) Copyright 1999-2015 Microchip Technology, All rights reserved
                                           ;==========================================================================

                                                   NOLIST
                                           ;--------------------------------------------------------
                                           ; external declarations
                                           ;--------------------------------------------------------
                                           	extern	_ANSEL
                                           	extern	_TRISIO
                                           	extern	_CMCON0
                                           	extern	_GPIO
                                           	extern	_GPIObits
                                           	extern	__sdcc_gsinit_startup
                                           ;--------------------------------------------------------
                                           ; global declarations
                                           ;--------------------------------------------------------
                                           	global	_main
                                           	global	_initPIC

                                           	global PSAVE
                                           	global SSAVE
                                           	global WSAVE
                                           	global STK12
                                           	global STK11
                                           	global STK10
                                           	global STK09
                                           	global STK08
                                           	global STK07
                                           	global STK06
                                           	global STK05
                                           	global STK04
                                           	global STK03
                                           	global STK02
                                           	global STK01
                                           	global STK00

                                           sharebank udata_ovr 0x0070
                                           PSAVE	res 1
                                           SSAVE	res 1
                                           WSAVE	res 1
                                           STK12	res 1
                                           STK11	res 1
                                           STK10	res 1
                                           STK09	res 1
                                           STK08	res 1
                                           STK07	res 1
                                           STK06	res 1
                                           STK05	res 1
                                           STK04	res 1
                                           STK03	res 1
                                           STK02	res 1
                                           STK01	res 1
                                           STK00	res 1

                                           ;--------------------------------------------------------
                                           ; global definitions
                                           ;--------------------------------------------------------
                                           ;--------------------------------------------------------
                                           ; absolute symbol definitions
                                           ;--------------------------------------------------------
                                           ;--------------------------------------------------------
                                           ; compiler-defined variables
                                           ;--------------------------------------------------------
                                           ;--------------------------------------------------------
                                           ; initialized data
                                           ;--------------------------------------------------------
                                           ;--------------------------------------------------------
                                           ; initialized absolute data
                                           ;--------------------------------------------------------
                                           ;--------------------------------------------------------
                                           ; overlayable items in internal ram 
                                           ;--------------------------------------------------------
                                           ;	udata_ovr
                                           ;--------------------------------------------------------
                                           ; reset vector 
                                           ;--------------------------------------------------------
                                           STARTUP	code 0x0000
000000   0000     nop                      	nop
                                           	pagesel __sdcc_gsinit_startup
000001   2802     goto    0x0002           	goto	__sdcc_gsinit_startup
                                           ;--------------------------------------------------------
                                           ; code
                                           ;--------------------------------------------------------
                                           code_dado	code
                                           ;***
                                           ;  pBlock Stats: dbName = M
                                           ;***
                                           ;has an exit
                                           ;functions called:
                                           ;   _initPIC
                                           ;   _initPIC
                                           ;; Starting pCode block
                                           S_dado__main	code
                                           _main:
                                           ; 2 exit points
                                           ;	.line	16; "dado.c"	initPIC();  // Configuración inicial del PIC
                                           	PAGESEL	_initPIC
0000d2   20dd     call    0x00dd           	CALL	_initPIC
                                           	PAGESEL	$
                                           _00109_DS_:
                                           ;	.line	19; "dado.c"	if (BOTON == 0) {  // Botón presionado (activo bajo)
0000d3   1283     bcf     0x03, 0x5        	BANKSEL	_GPIObits
0000d4   1a85     btfsc   0x05, 0x5        	BTFSC	_GPIObits,5
0000d5   28d9     goto    0x00d9           	GOTO	_00106_DS_
                                           ;	.line	20; "dado.c"	GPIO = 0b00010111;  // Encender LEDs GP0, GP1, GP2 y GP4
0000d6   3017     movlw   0x17             	MOVLW	0x17
0000d7   0085     movwf   0x05             	MOVWF	_GPIO
0000d8   28d3     goto    0x00d3           	GOTO	_00109_DS_
                                           _00106_DS_:
                                           ;	.line	22; "dado.c"	GPIO = 0x00;  // Apagar todos los LEDs
0000d9   1283     bcf     0x03, 0x5        	BANKSEL	_GPIO
0000da   0185     clrf    0x05             	CLRF	_GPIO
0000db   28d3     goto    0x00d3           	GOTO	_00109_DS_
                                           ;	.line	25; "dado.c"	}
0000dc   0008     return                   	RETURN	
                                           ; exit point of _main

                                           ;***
                                           ;  pBlock Stats: dbName = C
                                           ;***
                                           ;has an exit
                                           ;; Starting pCode block
                                           S_dado__initPIC	code
                                           _initPIC:
                                           ; 2 exit points
                                           ;	.line	29; "dado.c"	TRISIO = 0b00100000;  // GP5 como entrada, otros como salida
0000dd   3020     movlw   0x20             	MOVLW	0x20
0000de   1683     bsf     0x03, 0x5        	BANKSEL	_TRISIO
0000df   0085     movwf   0x05             	MOVWF	_TRISIO
                                           ;	.line	30; "dado.c"	ANSEL = 0x00;        // Desactivar entradas analógicas
0000e0   019f     clrf    0x1f             	CLRF	_ANSEL
                                           ;	.line	31; "dado.c"	CMCON0 = 0x07;       // Desactivar comparador
0000e1   3007     movlw   0x07             	MOVLW	0x07
0000e2   1283     bcf     0x03, 0x5        	BANKSEL	_CMCON0
0000e3   0099     movwf   0x19             	MOVWF	_CMCON0
                                           ;	.line	32; "dado.c"	GPIO = 0x00;         // Apagar LEDs
0000e4   0185     clrf    0x05             	CLRF	_GPIO
                                           ;	.line	33; "dado.c"	}
0000e5   0008     return                   	RETURN	
                                           ; exit point of _initPIC


                                           ;	code size estimation:
                                           ;	   16+    6 =    22 instructions (   56 byte)

                                           	end
